# JRE version: OpenJDK Runtime Environment (16.0.2+7) (build 16.0.2+7-67)
# Java VM: OpenJDK 64-Bit Server VM (16.0.2+7-67, mixed mode, tiered, compressed oops, compressed class ptrs, g1 gc, windows-amd64)
GC Precious Log:
 CPUs: 8 total, 8 available
 Memory: 16200M
 Large Page Support: Disabled
 NUMA Support: Disabled
 Compressed Oops: Enabled (Zero based)
 Heap Region Size: 2M
 Heap Min Capacity: 8M
 Heap Initial Capacity: 254M
 Heap Max Capacity: 4052M
 Pre-touch: Disabled
 Parallel Workers: 8
 Concurrent Workers: 2
 Concurrent Refinement Workers: 8
 Periodic GC: Disabled
Heap:
 garbage-first heap   total 90112K, used 57454K [0x0000000702c00000, 0x0000000800000000)
  region size 2048K, 21 young (43008K), 3 survivors (6144K)
 Metaspace       used 59988K, committed 60416K, reserved 1105920K
  class space    used 7076K, committed 7296K, reserved 1048576K
GC Heap History (20 events):
Event: 1.881 GC heap before
{Heap before GC invocations=7 (full 0):
 garbage-first heap   total 45056K, used 27283K [0x0000000702c00000, 0x0000000800000000)
  region size 2048K, 11 young (22528K), 1 survivors (2048K)
 Metaspace       used 29643K, committed 29888K, reserved 1081344K
  class space    used 3426K, committed 3520K, reserved 1048576K
}
Event: 1.884 GC heap after
{Heap after GC invocations=8 (full 0):
 garbage-first heap   total 153600K, used 9557K [0x0000000702c00000, 0x0000000800000000)
  region size 2048K, 2 young (4096K), 2 survivors (4096K)
 Metaspace       used 29643K, committed 29888K, reserved 1081344K
  class space    used 3426K, committed 3520K, reserved 1048576K
}
Event: 2.678 GC heap before
{Heap before GC invocations=8 (full 0):
 garbage-first heap   total 153600K, used 93525K [0x0000000702c00000, 0x0000000800000000)
  region size 2048K, 45 young (92160K), 2 survivors (4096K)
 Metaspace       used 35213K, committed 35520K, reserved 1081344K
  class space    used 4266K, committed 4416K, reserved 1048576K
}
Event: 2.682 GC heap after
{Heap after GC invocations=9 (full 0):
 garbage-first heap   total 153600K, used 13034K [0x0000000702c00000, 0x0000000800000000)
  region size 2048K, 3 young (6144K), 3 survivors (6144K)
 Metaspace       used 35213K, committed 35520K, reserved 1081344K
  class space    used 4266K, committed 4416K, reserved 1048576K
}
Event: 3.039 GC heap before
{Heap before GC invocations=10 (full 0):
 garbage-first heap   total 61440K, used 43754K [0x0000000702c00000, 0x0000000800000000)
  region size 2048K, 18 young (36864K), 3 survivors (6144K)
 Metaspace       used 37245K, committed 37568K, reserved 1089536K
  class space    used 4475K, committed 4608K, reserved 1048576K
}
Event: 3.044 GC heap after
{Heap after GC invocations=11 (full 0):
 garbage-first heap   total 61440K, used 14219K [0x0000000702c00000, 0x0000000800000000)
  region size 2048K, 1 young (2048K), 1 survivors (2048K)
 Metaspace       used 37245K, committed 37568K, reserved 1089536K
  class space    used 4475K, committed 4608K, reserved 1048576K
}
Event: 3.090 GC heap before
{Heap before GC invocations=11 (full 0):
 garbage-first heap   total 61440K, used 16267K [0x0000000702c00000, 0x0000000800000000)
  region size 2048K, 2 young (4096K), 1 survivors (2048K)
 Metaspace       used 37393K, committed 37760K, reserved 1089536K
  class space    used 4494K, committed 4672K, reserved 1048576K
}
Event: 3.092 GC heap after
{Heap after GC invocations=12 (full 0):
 garbage-first heap   total 61440K, used 14079K [0x0000000702c00000, 0x0000000800000000)
  region size 2048K, 1 young (2048K), 1 survivors (2048K)
 Metaspace       used 37393K, committed 37760K, reserved 1089536K
  class space    used 4494K, committed 4672K, reserved 1048576K
}
Event: 3.434 GC heap before
{Heap before GC invocations=12 (full 0):
 garbage-first heap   total 61440K, used 46847K [0x0000000702c00000, 0x0000000800000000)
  region size 2048K, 17 young (34816K), 1 survivors (2048K)
 Metaspace       used 40693K, committed 41088K, reserved 1089536K
  class space    used 4937K, committed 5120K, reserved 1048576K
}
Event: 3.436 GC heap after
{Heap after GC invocations=13 (full 0):
 garbage-first heap   total 61440K, used 15316K [0x0000000702c00000, 0x0000000800000000)
  region size 2048K, 2 young (4096K), 2 survivors (4096K)
 Metaspace       used 40693K, committed 41088K, reserved 1089536K
  class space    used 4937K, committed 5120K, reserved 1048576K
}
Event: 3.615 GC heap before
{Heap before GC invocations=13 (full 0):
 garbage-first heap   total 61440K, used 46036K [0x0000000702c00000, 0x0000000800000000)
  region size 2048K, 17 young (34816K), 2 survivors (4096K)
 Metaspace       used 42375K, committed 42752K, reserved 1089536K
  class space    used 5165K, committed 5376K, reserved 1048576K
}
Event: 3.617 GC heap after
{Heap after GC invocations=14 (full 0):
 garbage-first heap   total 61440K, used 16800K [0x0000000702c00000, 0x0000000800000000)
  region size 2048K, 2 young (4096K), 2 survivors (4096K)
 Metaspace       used 42375K, committed 42752K, reserved 1089536K
  class space    used 5165K, committed 5376K, reserved 1048576K
}
Event: 3.877 GC heap before
{Heap before GC invocations=14 (full 0):
 garbage-first heap   total 61440K, used 47520K [0x0000000702c00000, 0x0000000800000000)
  region size 2048K, 17 young (34816K), 2 survivors (4096K)
 Metaspace       used 44815K, committed 45248K, reserved 1089536K
  class space    used 5499K, committed 5696K, reserved 1048576K
}
Event: 3.881 GC heap after
{Heap after GC invocations=15 (full 0):
 garbage-first heap   total 61440K, used 18759K [0x0000000702c00000, 0x0000000800000000)
  region size 2048K, 3 young (6144K), 3 survivors (6144K)
 Metaspace       used 44815K, committed 45248K, reserved 1089536K
  class space    used 5499K, committed 5696K, reserved 1048576K
}
Event: 23.577 GC heap before
{Heap before GC invocations=15 (full 0):
 garbage-first heap   total 61440K, used 45383K [0x0000000702c00000, 0x0000000800000000)
  region size 2048K, 17 young (34816K), 3 survivors (6144K)
 Metaspace       used 47447K, committed 47872K, reserved 1097728K
  class space    used 5778K, committed 6016K, reserved 1048576K
}
Event: 23.580 GC heap after
{Heap after GC invocations=16 (full 0):
 garbage-first heap   total 161792K, used 19367K [0x0000000702c00000, 0x0000000800000000)
  region size 2048K, 2 young (4096K), 2 survivors (4096K)
 Metaspace       used 47447K, committed 47872K, reserved 1097728K
  class space    used 5778K, committed 6016K, reserved 1048576K
}
Event: 29.928 GC heap before
{Heap before GC invocations=16 (full 0):
 garbage-first heap   total 161792K, used 109479K [0x0000000702c00000, 0x0000000800000000)
  region size 2048K, 47 young (96256K), 2 survivors (4096K)
 Metaspace       used 55771K, committed 56128K, reserved 1105920K
  class space    used 6546K, committed 6720K, reserved 1048576K
}
Event: 29.930 GC heap after
{Heap after GC invocations=17 (full 0):
 garbage-first heap   total 161792K, used 21249K [0x0000000702c00000, 0x0000000800000000)
  region size 2048K, 3 young (6144K), 3 survivors (6144K)
 Metaspace       used 55771K, committed 56128K, reserved 1105920K
  class space    used 6546K, committed 6720K, reserved 1048576K
}
Event: 30.067 GC heap before
{Heap before GC invocations=17 (full 0):
 garbage-first heap   total 161792K, used 33537K [0x0000000702c00000, 0x0000000800000000)
  region size 2048K, 10 young (20480K), 3 survivors (6144K)
 Metaspace       used 58899K, committed 59328K, reserved 1105920K
  class space    used 6944K, committed 7168K, reserved 1048576K
}
Event: 30.070 GC heap after
{Heap after GC invocations=18 (full 0):
 garbage-first heap   total 161792K, used 22638K [0x0000000702c00000, 0x0000000800000000)
  region size 2048K, 3 young (6144K), 3 survivors (6144K)
 Metaspace       used 58899K, committed 59328K, reserved 1105920K
  class space    used 6944K, committed 7168K, reserved 1048576K
}

